<?xml version="1.0" encoding="UTF-8"?>
<testng-results ignored="0" total="1" passed="1" failed="0" skipped="0">
  <reporter-output>
  </reporter-output>
  <suite started-at="2023-08-19T14:43:27 IST" name="Default suite" finished-at="2023-08-19T14:43:28 IST" duration-ms="166">
    <groups>
    </groups>
    <test started-at="2023-08-19T14:43:27 IST" name="Default test" finished-at="2023-08-19T14:43:28 IST" duration-ms="166">
      <class name="PS2">
        <test-method is-config="true" signature="befourRun()[pri:0, instance:PS2@1c7696c6]" started-at="2023-08-19T14:43:27 IST" name="befourRun" finished-at="2023-08-19T14:43:27 IST" duration-ms="16" status="PASS">
          <reporter-output>
          </reporter-output>
        </test-method> <!-- befourRun -->
        <test-method signature="testRun()[pri:0, instance:PS2@1c7696c6]" started-at="2023-08-19T14:43:27 IST" name="testRun" finished-at="2023-08-19T14:43:28 IST" duration-ms="39" status="PASS">
          <reporter-output>
          </reporter-output>
        </test-method> <!-- testRun -->
        <test-method is-config="true" signature="afterRun()[pri:0, instance:PS2@1c7696c6]" started-at="2023-08-19T14:43:28 IST" name="afterRun" finished-at="2023-08-19T14:43:28 IST" duration-ms="2" status="PASS">
          <reporter-output>
          </reporter-output>
        </test-method> <!-- afterRun -->
      </class> <!-- PS2 -->
    </test> <!-- Default test -->
  </suite> <!-- Default suite -->
</testng-results>
