<?xml version="1.0" encoding="UTF-8"?>
<!-- Generated by org.testng.reporters.JUnitXMLReporter -->
<testsuite ignored="1" hostname="ICT-5" failures="0" tests="6" name="Car Loan" time="0.662" errors="0" timestamp="2023-08-16T17:21:32 IST">
  <testcase classname="test.day3" name="MobileLogincarLoan" time="0.009"/>
  <testcase classname="test.day3" name="MobilesignoutLoan" time="0.004"/>
  <testcase classname="test.day3" name="MobilesignoutLoan" time="0.006"/>
  <testcase classname="test.day3" name="MobilesignoutLoan" time="0.048"/>
  <testcase classname="test.day3" name="WebloginCarLoan" time="0.006"/>
  <testcase classname="test.day3" name="LoginAPIcarLoan" time="0.026"/>
  <testcase classname="test.day3" name="MobileSigninLoan" time="0.0">
    <ignored/>
  </testcase> <!-- MobileSigninLoan -->
</testsuite> <!-- Car Loan -->
