<?xml version="1.0" encoding="UTF-8"?>
<!-- Generated by org.testng.reporters.JUnitXMLReporter -->
<testsuite ignored="3" hostname="ICT-5" failures="0" tests="8" name="Regression" time="0.176" errors="0" timestamp="2023-08-03T14:12:27 IST">
  <testcase classname="test.day1" name="Demo" time="0.016"/>
  <testcase classname="test.day1" name="SecondClass" time="0.004"/>
  <testcase classname="test.day4" name="LoginAPIHomeLoan" time="0.003"/>
  <testcase classname="test.day4" name="WebloginHomeLoan" time="0.006"/>
  <testcase classname="test.day3" name="LoginAPIcarLoan" time="0.005"/>
  <testcase classname="test.day3" name="MobileSigninLoan" time="0.003"/>
  <testcase classname="test.day3" name="MobilesignoutLoan" time="0.003"/>
  <testcase classname="test.day3" name="WebloginCarLoan" time="0.004"/>
  <testcase classname="test.day4" name="MobileLoginHomeLoan" time="0.0">
    <ignored/>
  </testcase> <!-- MobileLoginHomeLoan -->
  <testcase classname="test.day2" name="ploan" time="0.0">
    <ignored/>
  </testcase> <!-- ploan -->
  <testcase classname="test.day3" name="MobileLogincarLoan" time="0.0">
    <ignored/>
  </testcase> <!-- MobileLogincarLoan -->
</testsuite> <!-- Regression -->
